<?xml version="1.0" encoding="UTF-8"?>
<!-- Generated by org.testng.reporters.JUnitReportReporter -->
<testsuite hostname="DESKTOP-3HEU5F7" failures="0" tests="1" name="test.HomePageTest" time="6.401" errors="0" timestamp="2024-05-28T19:04:24 IST" skipped="0">
  <testcase classname="test.HomePageTest" name="verifyCoomunityPoolSelection" time="6.401"/>
</testsuite> <!-- test.HomePageTest -->
