<?xml version="1.0" encoding="UTF-8"?>
<!-- Generated by org.testng.reporters.JUnitReportReporter -->
<testsuite hostname="DESKTOP-3HEU5F7" failures="0" tests="5" name="test.LoginPageTest" time="36.666" errors="0" timestamp="2024-06-06T06:41:01 IST" skipped="0">
  <testcase classname="test.LoginPageTest" name="verifyInvalidUserlogin" time="8.805"/>
  <testcase classname="test.LoginPageTest" name="verifyInvalidUserlogin" time="6.723"/>
  <testcase classname="test.LoginPageTest" name="verifyInvalidUserlogin" time="6.678"/>
  <testcase classname="test.LoginPageTest" name="verifyLoginPageTitle" time="5.841"/>
  <testcase classname="test.LoginPageTest" name="verifyUserLogin" time="8.619"/>
</testsuite> <!-- test.LoginPageTest -->
