<?xml version="1.0" encoding="UTF-8"?>
<!-- Generated by org.testng.reporters.JUnitReportReporter -->
<testsuite hostname="DESKTOP-3HEU5F7" failures="0" tests="1" name="test.LoginPageTest" time="6.178" errors="0" timestamp="2024-05-28T00:37:14 IST" skipped="0">
  <testcase classname="test.LoginPageTest" name="verifyUserLogin" time="6.178"/>
</testsuite> <!-- test.LoginPageTest -->
