<?xml version="1.0" encoding="UTF-8"?>
<!-- Generated by org.testng.reporters.JUnitReportReporter -->
<testsuite hostname="DESKTOP-3HEU5F7" failures="0" tests="3" name="test.LoginPageTest" time="16.160" errors="0" timestamp="2024-05-28T20:09:08 IST" skipped="0">
  <testcase classname="test.LoginPageTest" name="verifyInvalidUserlogin" time="6.421"/>
  <testcase classname="test.LoginPageTest" name="verifyInvalidUserlogin" time="4.486"/>
  <testcase classname="test.LoginPageTest" name="verifyInvalidUserlogin" time="5.253"/>
</testsuite> <!-- test.LoginPageTest -->
