<?xml version="1.0" encoding="UTF-8"?>
<!-- Generated by org.testng.reporters.JUnitReportReporter -->
<testsuite hostname="DESKTOP-3HEU5F7" failures="0" tests="1" name="test.HomePageTest" time="5.263" errors="0" timestamp="2024-05-28T01:16:40 IST" skipped="0">
  <testcase classname="test.HomePageTest" name="verifyCoomunityPoolSelection" time="5.263"/>
</testsuite> <!-- test.HomePageTest -->
