<?xml version="1.0" encoding="UTF-8"?>
<!-- Generated by org.testng.reporters.JUnitReportReporter -->
<testsuite hostname="DESKTOP-3HEU5F7" failures="0" tests="2" name="test.RegistrationPageTest" time="19.438" errors="0" timestamp="2024-06-06T06:41:01 IST" skipped="0">
  <testcase classname="test.RegistrationPageTest" name="verifyRegistrationPageTitle" time="8.812"/>
  <testcase classname="test.RegistrationPageTest" name="verifyUserRegistration" time="10.626"/>
</testsuite> <!-- test.RegistrationPageTest -->
