<?xml version="1.0" encoding="UTF-8"?>
<!-- Generated by org.testng.reporters.JUnitReportReporter -->
<testsuite hostname="DESKTOP-3HEU5F7" failures="0" tests="1" name="test.RegistrationPageTest" time="4.415" errors="0" timestamp="2024-05-28T00:37:44 IST" skipped="0">
  <testcase classname="test.RegistrationPageTest" name="verifyRegistrationPageTitle" time="4.415"/>
</testsuite> <!-- test.RegistrationPageTest -->
