<?xml version="1.0" encoding="UTF-8"?>
<!-- Generated by org.testng.reporters.JUnitReportReporter -->
<testsuite hostname="DESKTOP-3HEU5F7" failures="0" tests="1" name="test.RegistrationPageTest" time="8.417" errors="0" timestamp="2024-05-29T19:38:16 IST" skipped="0">
  <testcase classname="test.RegistrationPageTest" name="verifyUserRegistration" time="8.417"/>
</testsuite> <!-- test.RegistrationPageTest -->
