<?xml version="1.0" encoding="UTF-8"?>
<!-- Generated by org.testng.reporters.JUnitReportReporter -->
<testsuite hostname="DESKTOP-3HEU5F7" failures="0" tests="2" name="test.HomePageTest" time="11.797" errors="0" timestamp="2024-06-06T06:41:01 IST" skipped="0">
  <testcase classname="test.HomePageTest" name="verifyHomePageTitle" time="7.392"/>
  <testcase classname="test.HomePageTest" name="verifyCoomunityPoolSelection" time="4.405"/>
</testsuite> <!-- test.HomePageTest -->
